<?xml version="1.0" encoding="UTF-8"?>
<testsuite xmlns:xsi="http://www.w3.org/2001/XMLSchema-instance" xsi:noNamespaceSchemaLocation="https://maven.apache.org/surefire/maven-surefire-plugin/xsd/surefire-test-report.xsd" version="3.0.2" name="com.czeczotka.bdd.runner.RunCalculatorTest" time="0.84" tests="5" errors="0" skipped="0" failures="0">
  <properties>
[...]
</properties>
  <testcase name="Add two numbers" classname="Calculator" time="0.216"/>
  <testcase name="Subtract two numbers" classname="Calculator" time="0.013"/>
  <testcase name="Multiply two numbers" classname="Calculator" time="0.072"/>
  <testcase name="Divide two numbers" classname="Calculator" time="0.006"/>
  <testcase name="Elevar un numero a otro numero" classname="Calculator" time="0.016"/>
</testsuite>